<?xml version="1.0" encoding="UTF-8"?>
<!-- Generated by org.testng.reporters.JUnitReportReporter -->
<testsuite skipped="0" hostname="om161" name="Aprimo.NewTest" tests="1" failures="0" timestamp="09 Aug 2018 08:57:07 GMT" time="14.113" errors="0">
  <testcase name="f" time="14.113" classname="Aprimo.NewTest"/>
</testsuite> <!-- Aprimo.NewTest -->
